<?xml version="1.0" encoding="UTF-8"?>
<coverage generated="1565658439457" clover="3.2.0">
  <project timestamp="1565658439457" name="All files">
    <metrics statements="57" coveredstatements="35" conditionals="32" coveredconditionals="15" methods="11" coveredmethods="11" elements="100" coveredelements="61" complexity="0" loc="57" ncloc="57" packages="1" files="1" classes="1"/>
    <file name="index.js" path="/Users/spglancy/dev/school/few2.1/dateLib/index.js">
      <metrics statements="57" coveredstatements="35" conditionals="32" coveredconditionals="15" methods="11" coveredmethods="11"/>
      <line num="3" count="3" type="stmt"/>
      <line num="7" count="27" type="stmt"/>
      <line num="11" count="29" type="stmt"/>
      <line num="12" count="29" type="stmt"/>
      <line num="16" count="30" type="stmt"/>
      <line num="20" count="25" type="stmt"/>
      <line num="24" count="25" type="stmt"/>
      <line num="28" count="25" type="stmt"/>
      <line num="32" count="3" type="cond" truecount="2" falsecount="0"/>
      <line num="33" count="1" type="stmt"/>
      <line num="35" count="2" type="stmt"/>
      <line num="36" count="2" type="stmt"/>
      <line num="37" count="2" type="stmt"/>
      <line num="38" count="10" type="cond" truecount="6" falsecount="7"/>
      <line num="40" count="2" type="stmt"/>
      <line num="41" count="2" type="stmt"/>
      <line num="43" count="0" type="stmt"/>
      <line num="44" count="0" type="stmt"/>
      <line num="46" count="1" type="stmt"/>
      <line num="47" count="1" type="stmt"/>
      <line num="49" count="1" type="stmt"/>
      <line num="50" count="1" type="stmt"/>
      <line num="52" count="1" type="cond" truecount="1" falsecount="1"/>
      <line num="53" count="1" type="stmt"/>
      <line num="55" count="0" type="stmt"/>
      <line num="57" count="1" type="stmt"/>
      <line num="59" count="1" type="stmt"/>
      <line num="60" count="1" type="stmt"/>
      <line num="62" count="0" type="cond" truecount="0" falsecount="2"/>
      <line num="63" count="0" type="stmt"/>
      <line num="65" count="0" type="stmt"/>
      <line num="67" count="0" type="stmt"/>
      <line num="69" count="0" type="stmt"/>
      <line num="70" count="0" type="stmt"/>
      <line num="72" count="0" type="cond" truecount="0" falsecount="2"/>
      <line num="73" count="0" type="stmt"/>
      <line num="75" count="0" type="stmt"/>
      <line num="77" count="0" type="stmt"/>
      <line num="79" count="0" type="stmt"/>
      <line num="80" count="0" type="stmt"/>
      <line num="82" count="0" type="cond" truecount="0" falsecount="2"/>
      <line num="83" count="0" type="stmt"/>
      <line num="85" count="0" type="stmt"/>
      <line num="86" count="0" type="stmt"/>
      <line num="88" count="0" type="stmt"/>
      <line num="89" count="0" type="stmt"/>
      <line num="91" count="4" type="stmt"/>
      <line num="94" count="2" type="stmt"/>
      <line num="97" count="3" type="stmt"/>
      <line num="98" count="3" type="stmt"/>
      <line num="99" count="18" type="stmt"/>
      <line num="100" count="18" type="cond" truecount="2" falsecount="0"/>
      <line num="101" count="7" type="cond" truecount="1" falsecount="1"/>
      <line num="103" count="11" type="cond" truecount="1" falsecount="1"/>
      <line num="104" count="11" type="cond" truecount="2" falsecount="0"/>
      <line num="106" count="0" type="stmt"/>
      <line num="111" count="1" type="stmt"/>
    </file>
  </project>
</coverage>
