{"/Users/spglancy/dev/school/few2.1/dateLib/index.js": {"path":"/Users/spglancy/dev/school/few2.1/dateLib/index.js","statementMap":{"0":{"start":{"line":3,"column":4},"end":{"line":3,"column":33}},"1":{"start":{"line":7,"column":4},"end":{"line":7,"column":34}},"2":{"start":{"line":11,"column":19},"end":{"line":11,"column":141}},"3":{"start":{"line":12,"column":4},"end":{"line":12,"column":39}},"4":{"start":{"line":16,"column":4},"end":{"line":16,"column":30}},"5":{"start":{"line":20,"column":4},"end":{"line":20,"column":35}},"6":{"start":{"line":24,"column":4},"end":{"line":24,"column":37}},"7":{"start":{"line":28,"column":4},"end":{"line":28,"column":37}},"8":{"start":{"line":32,"column":4},"end":{"line":34,"column":5}},"9":{"start":{"line":33,"column":6},"end":{"line":33,"column":53}},"10":{"start":{"line":35,"column":17},"end":{"line":35,"column":30}},"11":{"start":{"line":36,"column":19},"end":{"line":36,"column":21}},"12":{"start":{"line":37,"column":4},"end":{"line":93,"column":6}},"13":{"start":{"line":38,"column":6},"end":{"line":92,"column":7}},"14":{"start":{"line":40,"column":10},"end":{"line":40,"column":32}},"15":{"start":{"line":41,"column":10},"end":{"line":41,"column":15}},"16":{"start":{"line":43,"column":10},"end":{"line":43,"column":51}},"17":{"start":{"line":44,"column":10},"end":{"line":44,"column":15}},"18":{"start":{"line":46,"column":10},"end":{"line":46,"column":33}},"19":{"start":{"line":47,"column":10},"end":{"line":47,"column":15}},"20":{"start":{"line":49,"column":10},"end":{"line":49,"column":45}},"21":{"start":{"line":50,"column":10},"end":{"line":50,"column":15}},"22":{"start":{"line":52,"column":10},"end":{"line":56,"column":11}},"23":{"start":{"line":53,"column":12},"end":{"line":53,"column":39}},"24":{"start":{"line":55,"column":12},"end":{"line":55,"column":33}},"25":{"start":{"line":57,"column":10},"end":{"line":57,"column":15}},"26":{"start":{"line":59,"column":10},"end":{"line":59,"column":31}},"27":{"start":{"line":60,"column":10},"end":{"line":60,"column":15}},"28":{"start":{"line":62,"column":10},"end":{"line":66,"column":11}},"29":{"start":{"line":63,"column":12},"end":{"line":63,"column":41}},"30":{"start":{"line":65,"column":12},"end":{"line":65,"column":35}},"31":{"start":{"line":67,"column":10},"end":{"line":67,"column":15}},"32":{"start":{"line":69,"column":10},"end":{"line":69,"column":33}},"33":{"start":{"line":70,"column":10},"end":{"line":70,"column":15}},"34":{"start":{"line":72,"column":10},"end":{"line":76,"column":11}},"35":{"start":{"line":73,"column":12},"end":{"line":73,"column":40}},"36":{"start":{"line":75,"column":12},"end":{"line":75,"column":34}},"37":{"start":{"line":77,"column":10},"end":{"line":77,"column":15}},"38":{"start":{"line":79,"column":10},"end":{"line":79,"column":32}},"39":{"start":{"line":80,"column":10},"end":{"line":80,"column":15}},"40":{"start":{"line":82,"column":10},"end":{"line":84,"column":11}},"41":{"start":{"line":83,"column":12},"end":{"line":83,"column":43}},"42":{"start":{"line":85,"column":10},"end":{"line":85,"column":35}},"43":{"start":{"line":86,"column":10},"end":{"line":86,"column":15}},"44":{"start":{"line":88,"column":10},"end":{"line":88,"column":35}},"45":{"start":{"line":89,"column":10},"end":{"line":89,"column":15}},"46":{"start":{"line":91,"column":10},"end":{"line":91,"column":26}},"47":{"start":{"line":94,"column":4},"end":{"line":94,"column":26}},"48":{"start":{"line":97,"column":14},"end":{"line":97,"column":66}},"49":{"start":{"line":98,"column":4},"end":{"line":107,"column":13}},"50":{"start":{"line":99,"column":23},"end":{"line":99,"column":27}},"51":{"start":{"line":100,"column":6},"end":{"line":105,"column":7}},"52":{"start":{"line":101,"column":8},"end":{"line":101,"column":102}},"53":{"start":{"line":103,"column":11},"end":{"line":105,"column":7}},"54":{"start":{"line":104,"column":8},"end":{"line":104,"column":107}},"55":{"start":{"line":106,"column":6},"end":{"line":106,"column":16}},"56":{"start":{"line":111,"column":0},"end":{"line":111,"column":27}}},"fnMap":{"0":{"name":"(anonymous_0)","decl":{"start":{"line":2,"column":2},"end":{"line":2,"column":3}},"loc":{"start":{"line":2,"column":23},"end":{"line":4,"column":3}},"line":2},"1":{"name":"(anonymous_1)","decl":{"start":{"line":6,"column":2},"end":{"line":6,"column":3}},"loc":{"start":{"line":6,"column":13},"end":{"line":8,"column":3}},"line":6},"2":{"name":"(anonymous_2)","decl":{"start":{"line":10,"column":2},"end":{"line":10,"column":3}},"loc":{"start":{"line":10,"column":14},"end":{"line":13,"column":3}},"line":10},"3":{"name":"(anonymous_3)","decl":{"start":{"line":15,"column":2},"end":{"line":15,"column":3}},"loc":{"start":{"line":15,"column":12},"end":{"line":17,"column":3}},"line":15},"4":{"name":"(anonymous_4)","decl":{"start":{"line":19,"column":2},"end":{"line":19,"column":3}},"loc":{"start":{"line":19,"column":14},"end":{"line":21,"column":3}},"line":19},"5":{"name":"(anonymous_5)","decl":{"start":{"line":23,"column":2},"end":{"line":23,"column":3}},"loc":{"start":{"line":23,"column":13},"end":{"line":25,"column":3}},"line":23},"6":{"name":"(anonymous_6)","decl":{"start":{"line":27,"column":2},"end":{"line":27,"column":3}},"loc":{"start":{"line":27,"column":16},"end":{"line":29,"column":3}},"line":27},"7":{"name":"(anonymous_7)","decl":{"start":{"line":31,"column":2},"end":{"line":31,"column":3}},"loc":{"start":{"line":31,"column":14},"end":{"line":95,"column":3}},"line":31},"8":{"name":"(anonymous_8)","decl":{"start":{"line":37,"column":17},"end":{"line":37,"column":18}},"loc":{"start":{"line":37,"column":24},"end":{"line":93,"column":5}},"line":37},"9":{"name":"(anonymous_9)","decl":{"start":{"line":96,"column":2},"end":{"line":96,"column":3}},"loc":{"start":{"line":96,"column":30},"end":{"line":108,"column":3}},"line":96},"10":{"name":"(anonymous_10)","decl":{"start":{"line":98,"column":20},"end":{"line":98,"column":21}},"loc":{"start":{"line":98,"column":35},"end":{"line":107,"column":5}},"line":98}},"branchMap":{"0":{"loc":{"start":{"line":32,"column":4},"end":{"line":34,"column":5}},"type":"if","locations":[{"start":{"line":32,"column":4},"end":{"line":34,"column":5}},{"start":{"line":32,"column":4},"end":{"line":34,"column":5}}],"line":32},"1":{"loc":{"start":{"line":38,"column":6},"end":{"line":92,"column":7}},"type":"switch","locations":[{"start":{"line":39,"column":8},"end":{"line":41,"column":15}},{"start":{"line":42,"column":8},"end":{"line":44,"column":15}},{"start":{"line":45,"column":8},"end":{"line":47,"column":15}},{"start":{"line":48,"column":8},"end":{"line":50,"column":15}},{"start":{"line":51,"column":8},"end":{"line":57,"column":15}},{"start":{"line":58,"column":8},"end":{"line":60,"column":15}},{"start":{"line":61,"column":8},"end":{"line":67,"column":15}},{"start":{"line":68,"column":8},"end":{"line":70,"column":15}},{"start":{"line":71,"column":8},"end":{"line":77,"column":15}},{"start":{"line":78,"column":8},"end":{"line":80,"column":15}},{"start":{"line":81,"column":8},"end":{"line":86,"column":15}},{"start":{"line":87,"column":8},"end":{"line":89,"column":15}},{"start":{"line":90,"column":8},"end":{"line":91,"column":26}}],"line":38},"2":{"loc":{"start":{"line":52,"column":10},"end":{"line":56,"column":11}},"type":"if","locations":[{"start":{"line":52,"column":10},"end":{"line":56,"column":11}},{"start":{"line":52,"column":10},"end":{"line":56,"column":11}}],"line":52},"3":{"loc":{"start":{"line":62,"column":10},"end":{"line":66,"column":11}},"type":"if","locations":[{"start":{"line":62,"column":10},"end":{"line":66,"column":11}},{"start":{"line":62,"column":10},"end":{"line":66,"column":11}}],"line":62},"4":{"loc":{"start":{"line":72,"column":10},"end":{"line":76,"column":11}},"type":"if","locations":[{"start":{"line":72,"column":10},"end":{"line":76,"column":11}},{"start":{"line":72,"column":10},"end":{"line":76,"column":11}}],"line":72},"5":{"loc":{"start":{"line":82,"column":10},"end":{"line":84,"column":11}},"type":"if","locations":[{"start":{"line":82,"column":10},"end":{"line":84,"column":11}},{"start":{"line":82,"column":10},"end":{"line":84,"column":11}}],"line":82},"6":{"loc":{"start":{"line":96,"column":7},"end":{"line":96,"column":28}},"type":"default-arg","locations":[{"start":{"line":96,"column":14},"end":{"line":96,"column":28}}],"line":96},"7":{"loc":{"start":{"line":100,"column":6},"end":{"line":105,"column":7}},"type":"if","locations":[{"start":{"line":100,"column":6},"end":{"line":105,"column":7}},{"start":{"line":100,"column":6},"end":{"line":105,"column":7}}],"line":100},"8":{"loc":{"start":{"line":101,"column":56},"end":{"line":101,"column":96}},"type":"cond-expr","locations":[{"start":{"line":101,"column":88},"end":{"line":101,"column":90}},{"start":{"line":101,"column":93},"end":{"line":101,"column":96}}],"line":101},"9":{"loc":{"start":{"line":103,"column":11},"end":{"line":105,"column":7}},"type":"if","locations":[{"start":{"line":103,"column":11},"end":{"line":105,"column":7}},{"start":{"line":103,"column":11},"end":{"line":105,"column":7}}],"line":103},"10":{"loc":{"start":{"line":104,"column":56},"end":{"line":104,"column":96}},"type":"cond-expr","locations":[{"start":{"line":104,"column":88},"end":{"line":104,"column":90}},{"start":{"line":104,"column":93},"end":{"line":104,"column":96}}],"line":104}},"s":{"0":3,"1":27,"2":29,"3":29,"4":30,"5":25,"6":25,"7":25,"8":3,"9":1,"10":2,"11":2,"12":2,"13":10,"14":2,"15":2,"16":0,"17":0,"18":1,"19":1,"20":1,"21":1,"22":1,"23":1,"24":0,"25":1,"26":1,"27":1,"28":0,"29":0,"30":0,"31":0,"32":0,"33":0,"34":0,"35":0,"36":0,"37":0,"38":0,"39":0,"40":0,"41":0,"42":0,"43":0,"44":0,"45":0,"46":4,"47":2,"48":3,"49":3,"50":18,"51":18,"52":7,"53":11,"54":11,"55":0,"56":1},"f":{"0":3,"1":27,"2":29,"3":30,"4":25,"5":25,"6":25,"7":3,"8":10,"9":3,"10":18},"b":{"0":[1,2],"1":[2,0,1,1,1,1,0,0,0,0,0,0,4],"2":[1,0],"3":[0,0],"4":[0,0],"5":[0,0],"6":[0],"7":[7,11],"8":[0,7],"9":[11,0],"10":[1,10]},"_coverageSchema":"43e27e138ebf9cfc5966b082cf9a028302ed4184","hash":"1ddfbe09ce2090b024b068c109a2709b5197b57b"}
}
