TN:
SF:/Users/spglancy/dev/school/few2.1/dateLib/index.js
FN:2,(anonymous_0)
FN:6,(anonymous_1)
FN:10,(anonymous_2)
FN:15,(anonymous_3)
FN:19,(anonymous_4)
FN:23,(anonymous_5)
FN:27,(anonymous_6)
FN:31,(anonymous_7)
FN:37,(anonymous_8)
FN:96,(anonymous_9)
FN:98,(anonymous_10)
FNF:11
FNH:11
FNDA:3,(anonymous_0)
FNDA:27,(anonymous_1)
FNDA:29,(anonymous_2)
FNDA:30,(anonymous_3)
FNDA:25,(anonymous_4)
FNDA:25,(anonymous_5)
FNDA:25,(anonymous_6)
FNDA:3,(anonymous_7)
FNDA:10,(anonymous_8)
FNDA:3,(anonymous_9)
FNDA:18,(anonymous_10)
DA:3,3
DA:7,27
DA:11,29
DA:12,29
DA:16,30
DA:20,25
DA:24,25
DA:28,25
DA:32,3
DA:33,1
DA:35,2
DA:36,2
DA:37,2
DA:38,10
DA:40,2
DA:41,2
DA:43,0
DA:44,0
DA:46,1
DA:47,1
DA:49,1
DA:50,1
DA:52,1
DA:53,1
DA:55,0
DA:57,1
DA:59,1
DA:60,1
DA:62,0
DA:63,0
DA:65,0
DA:67,0
DA:69,0
DA:70,0
DA:72,0
DA:73,0
DA:75,0
DA:77,0
DA:79,0
DA:80,0
DA:82,0
DA:83,0
DA:85,0
DA:86,0
DA:88,0
DA:89,0
DA:91,4
DA:94,2
DA:97,3
DA:98,3
DA:99,18
DA:100,18
DA:101,7
DA:103,11
DA:104,11
DA:106,0
DA:111,1
LF:57
LH:35
BRDA:32,0,0,1
BRDA:32,0,1,2
BRDA:38,1,0,2
BRDA:38,1,1,0
BRDA:38,1,2,1
BRDA:38,1,3,1
BRDA:38,1,4,1
BRDA:38,1,5,1
BRDA:38,1,6,0
BRDA:38,1,7,0
BRDA:38,1,8,0
BRDA:38,1,9,0
BRDA:38,1,10,0
BRDA:38,1,11,0
BRDA:38,1,12,4
BRDA:52,2,0,1
BRDA:52,2,1,0
BRDA:62,3,0,0
BRDA:62,3,1,0
BRDA:72,4,0,0
BRDA:72,4,1,0
BRDA:82,5,0,0
BRDA:82,5,1,0
BRDA:96,6,0,0
BRDA:100,7,0,7
BRDA:100,7,1,11
BRDA:101,8,0,0
BRDA:101,8,1,7
BRDA:103,9,0,11
BRDA:103,9,1,0
BRDA:104,10,0,1
BRDA:104,10,1,10
BRF:32
BRH:15
end_of_record
